<?xml version="1.0" encoding="UTF-8"?>
<!-- Generated by org.testng.reporters.JUnitReportReporter -->
<testsuite name="maven.jenkins.TestJenkins" tests="2" time="0.034" ignored="0" failures="0" timestamp="26 Jan 2017 13:25:07 GMT" skipped="0" hostname="MQCSERVER" errors="0">
  <testcase name="f" time="0.001" classname="maven.jenkins.TestJenkins"/>
  <testcase name="f" time="0.033" classname="maven.jenkins.TestJenkins"/>
</testsuite> <!-- maven.jenkins.TestJenkins -->
